# JRE version: OpenJDK Runtime Environment (11.0+28) (build 11+28)
# Java VM: OpenJDK 64-Bit Server VM (11+28, mixed mode, tiered, compressed oops, g1 gc, windows-amd64)
Heap:
 garbage-first heap   total 312320K, used 21460K [0x0000000702800000, 0x0000000800000000)
  region size 1024K, 13 young (13312K), 13 survivors (13312K)
 Metaspace       used 43316K, capacity 44653K, committed 44828K, reserved 1087488K
  class space    used 5430K, capacity 5967K, committed 6092K, reserved 1048576K
GC Heap History (10 events):
Event: 1.000 GC heap after
{Heap after GC invocations=2 (full 0):
 garbage-first heap   total 260096K, used 9887K [0x0000000702800000, 0x0000000800000000)
  region size 1024K, 2 young (2048K), 2 survivors (2048K)
 Metaspace       used 17970K, capacity 18502K, committed 18688K, reserved 1064960K
  class space    used 2028K, capacity 2208K, committed 2304K, reserved 1048576K
}
Event: 1.111 GC heap before
{Heap before GC invocations=2 (full 0):
 garbage-first heap   total 260096K, used 28319K [0x0000000702800000, 0x0000000800000000)
  region size 1024K, 21 young (21504K), 2 survivors (2048K)
 Metaspace       used 20530K, capacity 21151K, committed 21296K, reserved 1069056K
  class space    used 2395K, capacity 2651K, committed 2688K, reserved 1048576K
}
Event: 1.114 GC heap after
{Heap after GC invocations=3 (full 0):
 garbage-first heap   total 260096K, used 10503K [0x0000000702800000, 0x0000000800000000)
  region size 1024K, 2 young (2048K), 2 survivors (2048K)
 Metaspace       used 20530K, capacity 21151K, committed 21296K, reserved 1069056K
  class space    used 2395K, capacity 2651K, committed 2688K, reserved 1048576K
}
Event: 1.359 GC heap before
{Heap before GC invocations=4 (full 0):
 garbage-first heap   total 260096K, used 63751K [0x0000000702800000, 0x0000000800000000)
  region size 1024K, 54 young (55296K), 2 survivors (2048K)
 Metaspace       used 26367K, capacity 27134K, committed 27440K, reserved 1073152K
  class space    used 3053K, capacity 3347K, committed 3456K, reserved 1048576K
}
Event: 1.362 GC heap after
{Heap after GC invocations=5 (full 0):
 garbage-first heap   total 260096K, used 12067K [0x0000000702800000, 0x0000000800000000)
  region size 1024K, 4 young (4096K), 4 survivors (4096K)
 Metaspace       used 26367K, capacity 27134K, committed 27440K, reserved 1073152K
  class space    used 3053K, capacity 3347K, committed 3456K, reserved 1048576K
}
Event: 1.630 GC heap before
{Heap before GC invocations=5 (full 0):
 garbage-first heap   total 260096K, used 99107K [0x0000000702800000, 0x0000000800000000)
  region size 1024K, 90 young (92160K), 4 survivors (4096K)
 Metaspace       used 30131K, capacity 31016K, committed 31280K, reserved 1077248K
  class space    used 3588K, capacity 3929K, committed 3968K, reserved 1048576K
}
Event: 1.635 GC heap after
{Heap after GC invocations=6 (full 0):
 garbage-first heap   total 260096K, used 14587K [0x0000000702800000, 0x0000000800000000)
  region size 1024K, 6 young (6144K), 6 survivors (6144K)
 Metaspace       used 30131K, capacity 31016K, committed 31280K, reserved 1077248K
  class space    used 3588K, capacity 3929K, committed 3968K, reserved 1048576K
}
Event: 2.115 GC heap before
{Heap before GC invocations=6 (full 0):
 garbage-first heap   total 260096K, used 116987K [0x0000000702800000, 0x0000000800000000)
  region size 1024K, 108 young (110592K), 6 survivors (6144K)
 Metaspace       used 34922K, capacity 35845K, committed 35920K, reserved 1081344K
  class space    used 4242K, capacity 4596K, committed 4608K, reserved 1048576K
}
Event: 2.128 GC heap after
{Heap after GC invocations=7 (full 0):
 garbage-first heap   total 260096K, used 16639K [0x0000000702800000, 0x0000000800000000)
  region size 1024K, 8 young (8192K), 8 survivors (8192K)
 Metaspace       used 34922K, capacity 35845K, committed 35920K, reserved 1081344K
  class space    used 4242K, capacity 4596K, committed 4608K, reserved 1048576K
}
Event: 2.875 GC heap before
{Heap before GC invocations=8 (full 0):
 garbage-first heap   total 260096K, used 148735K [0x0000000702800000, 0x0000000800000000)
  region size 1024K, 138 young (141312K), 8 survivors (8192K)
 Metaspace       used 43316K, capacity 44653K, committed 44828K, reserved 1087488K
  class space    used 5430K, capacity 5967K, committed 6092K, reserved 1048576K
}

