# JRE version: OpenJDK Runtime Environment (11.0+28) (build 11+28)
# Java VM: OpenJDK 64-Bit Server VM (11+28, mixed mode, tiered, compressed oops, g1 gc, windows-amd64)
Heap:
 garbage-first heap   total 312320K, used 28567K [0x0000000702800000, 0x0000000800000000)
  region size 1024K, 15 young (15360K), 15 survivors (15360K)
 Metaspace       used 61656K, capacity 63291K, committed 63408K, reserved 1124352K
  class space    used 7943K, capacity 8606K, committed 8704K, reserved 1048576K
GC Heap History (10 events):
Event: 1.800 GC heap before
{Heap before GC invocations=5 (full 0):
 garbage-first heap   total 260096K, used 98013K [0x0000000702800000, 0x0000000800000000)
  region size 1024K, 89 young (91136K), 4 survivors (4096K)
 Metaspace       used 30151K, capacity 31016K, committed 31280K, reserved 1077248K
  class space    used 3588K, capacity 3929K, committed 3968K, reserved 1048576K
}
Event: 1.805 GC heap after
{Heap after GC invocations=6 (full 0):
 garbage-first heap   total 260096K, used 14431K [0x0000000702800000, 0x0000000800000000)
  region size 1024K, 6 young (6144K), 6 survivors (6144K)
 Metaspace       used 30151K, capacity 31016K, committed 31280K, reserved 1077248K
  class space    used 3588K, capacity 3929K, committed 3968K, reserved 1048576K
}
Event: 2.292 GC heap before
{Heap before GC invocations=6 (full 0):
 garbage-first heap   total 260096K, used 116831K [0x0000000702800000, 0x0000000800000000)
  region size 1024K, 108 young (110592K), 6 survivors (6144K)
 Metaspace       used 34934K, capacity 35845K, committed 35920K, reserved 1081344K
  class space    used 4244K, capacity 4596K, committed 4608K, reserved 1048576K
}
Event: 2.310 GC heap after
{Heap after GC invocations=7 (full 0):
 garbage-first heap   total 260096K, used 16596K [0x0000000702800000, 0x0000000800000000)
  region size 1024K, 8 young (8192K), 8 survivors (8192K)
 Metaspace       used 34934K, capacity 35845K, committed 35920K, reserved 1081344K
  class space    used 4244K, capacity 4596K, committed 4608K, reserved 1048576K
}
Event: 3.195 GC heap before
{Heap before GC invocations=8 (full 0):
 garbage-first heap   total 260096K, used 157908K [0x0000000702800000, 0x0000000800000000)
  region size 1024K, 147 young (150528K), 8 survivors (8192K)
 Metaspace       used 43342K, capacity 44654K, committed 44848K, reserved 1087488K
  class space    used 5430K, capacity 5967K, committed 6016K, reserved 1048576K
}
Event: 3.203 GC heap after
{Heap after GC invocations=9 (full 0):
 garbage-first heap   total 260096K, used 21649K [0x0000000702800000, 0x0000000800000000)
  region size 1024K, 13 young (13312K), 13 survivors (13312K)
 Metaspace       used 43342K, capacity 44654K, committed 44848K, reserved 1087488K
  class space    used 5430K, capacity 5967K, committed 6016K, reserved 1048576K
}
Event: 4.408 GC heap before
{Heap before GC invocations=9 (full 0):
 garbage-first heap   total 260096K, used 147601K [0x0000000702800000, 0x0000000800000000)
  region size 1024K, 133 young (136192K), 13 survivors (13312K)
 Metaspace       used 58688K, capacity 60194K, committed 60336K, reserved 1101824K
  class space    used 7520K, capacity 8111K, committed 8192K, reserved 1048576K
}
Event: 4.430 GC heap after
{Heap after GC invocations=10 (full 0):
 garbage-first heap   total 312320K, used 26468K [0x0000000702800000, 0x0000000800000000)
  region size 1024K, 15 young (15360K), 15 survivors (15360K)
 Metaspace       used 58688K, capacity 60194K, committed 60336K, reserved 1101824K
  class space    used 7520K, capacity 8111K, committed 8192K, reserved 1048576K
}
Event: 4.799 GC heap before
{Heap before GC invocations=11 (full 0):
 garbage-first heap   total 312320K, used 66404K [0x0000000702800000, 0x0000000800000000)
  region size 1024K, 55 young (56320K), 15 survivors (15360K)
 Metaspace       used 61656K, capacity 63291K, committed 63408K, reserved 1122304K
  class space    used 7943K, capacity 8606K, committed 8704K, reserved 1048576K
}
Event: 4.808 GC heap after
{Heap after GC invocations=12 (full 0):
 garbage-first heap   total 312320K, used 28567K [0x0000000702800000, 0x0000000800000000)
  region size 1024K, 15 young (15360K), 15 survivors (15360K)
 Metaspace       used 61656K, capacity 63291K, committed 63408K, reserved 1122304K
  class space    used 7943K, capacity 8606K, committed 8704K, reserved 1048576K
}

